commit eb2544105d891616e8c3bef124cb5c4813a8577c
Author: Fernando Mendoza <fernandom@utexas.edu>
Date:   Thu Apr 20 21:38:18 2017 -0500

    sure

commit e2e897ecc0750e2d5c33a4d2eff325c9dae4c8ad
Author: Dylan Droll <dylan@cs.utexas.edu>
Date:   Thu Apr 20 21:35:03 2017 -0500

    FINAL COMMIT BABY LETSSSSSSSSSSS GOOOOOOOOOOOOOOO

commit a81ee2fddc85a2d83e1eda9f4e3d102e1082913f
Author: Fernando Mendoza <fernandom@utexas.edu>
Date:   Thu Apr 20 21:20:44 2017 -0500

    sure

commit 6b768e9bdb4bc2110af5916f56f07167810c5d18
Author: Fernando Mendoza <fernandom@utexas.edu>
Date:   Thu Apr 20 21:12:34 2017 -0500

    sure

commit 6969c1d5570850d03e4bd07239de1ffdbd4176e3
Author: Fernando Mendoza <fernandom@utexas.edu>
Date:   Thu Apr 20 21:06:13 2017 -0500

    sure

commit e4e6c624854b9846aa19d1b37a21dac78e3f5f0f
Author: Fernando Mendoza <fernandom@utexas.edu>
Date:   Thu Apr 20 20:59:47 2017 -0500

    sure

commit 32103f91e235a63e032af56dd8b2d79fc0a6dd2e
Author: Fernando Mendoza <fernandom@utexas.edu>
Date:   Thu Apr 20 20:57:59 2017 -0500

    sure

commit 1238a0af20df7b95b0bf624133af391d75a2ce17
Author: Fernando Mendoza <fernandom@utexas.edu>
Date:   Thu Apr 20 20:54:01 2017 -0500

    sure

commit 9527c30ebdde52c11216b29a85be0b3c7ba70bab
Author: Fernando Mendoza <fernandom@utexas.edu>
Date:   Thu Apr 20 20:52:39 2017 -0500

    sure

commit 1be7514e61b8e82036e4ac886e87791218034897
Author: Fernando Mendoza <fernandom@utexas.edu>
Date:   Thu Apr 20 20:28:22 2017 -0500

    sure

commit d3c1f07822428f11b934fd9dbb40ecaba0e1b0ee
Author: Fernando Mendoza <fernandom@utexas.edu>
Date:   Thu Apr 20 20:21:44 2017 -0500

    travis yml changes

commit f6786f7946f49af900588e23bb162dc91ff57fde
Author: Fernando Mendoza <fernandom@utexas.edu>
Date:   Thu Apr 20 20:19:46 2017 -0500

    travis yml changes

commit 3c0bbc8b04f8a5fd827fbf27a705dfff5700210c
Author: Fernando Mendoza <fernandom@utexas.edu>
Date:   Thu Apr 20 20:13:02 2017 -0500

    travis yml changes

commit c9db0164be65afbe285a32d606687ae2b3eab70f
Merge: bec4f00 a72584f
Author: Fernando Mendoza <fernandom@utexas.edu>
Date:   Thu Apr 20 20:08:23 2017 -0500

    Merge remote-tracking branch 'origin/master'

commit bec4f00afe6aa8ea25fed0db3fad31c68b1abb89
Author: Fernando Mendoza <fernandom@utexas.edu>
Date:   Thu Apr 20 20:08:07 2017 -0500

    Yes and hello for yejs jsand rwe

commit a72584fca9153c7b9a2e35ffc40ab20c607c9e48
Author: Laura Catano <lllaura@cs.utexas.edu>
Date:   Thu Apr 20 20:07:41 2017 -0500

    fixed about pg

commit 74e163c2010d49f0603a3de0d200feace1c0de58
Author: Laura Catano <lllaura@cs.utexas.edu>
Date:   Thu Apr 20 20:06:15 2017 -0500

    Updated about page

commit c215834616ceaee14a7c099ce0826ade5e663abb
Merge: 4a9b09a 5123bb5
Author: Fernando Mendoza <fernandom@utexas.edu>
Date:   Thu Apr 20 19:56:55 2017 -0500

    Merge remote-tracking branch 'origin/master'

commit 4a9b09a0a2ca68a4c73978acbc1b4ec9e717becd
Author: Fernando Mendoza <fernandom@utexas.edu>
Date:   Thu Apr 20 19:56:33 2017 -0500

    Yes and hello for yejs jsand rwe

commit 5123bb5b8504df7de5e1172caf3e5c22e3c8c742
Author: Laura Catano <lllaura@cs.utexas.edu>
Date:   Thu Apr 20 19:54:46 2017 -0500

    5000 words bruh

commit e73e24058f5861411e8b1508e3b5a46c705f4734
Author: Fernando Mendoza <fernandom@utexas.edu>
Date:   Thu Apr 20 19:48:34 2017 -0500

    Yes and hello for yejs jsand rwe

commit 266502bcf94baf89254f0c4457e60ab832f69025
Author: Fernando Mendoza <fernandom@utexas.edu>
Date:   Thu Apr 20 19:30:03 2017 -0500

    updating html one more time

commit bf8925f2f3102920383df3517c52157fc77ec02e
Author: Fernando Mendoza <fernandom@utexas.edu>
Date:   Thu Apr 20 18:55:35 2017 -0500

    updating html one more time

commit e1acb0cbe72732c6d2ea9f3f172a12e403835736
Author: Fernando Mendoza <fernandom@utexas.edu>
Date:   Thu Apr 20 18:25:28 2017 -0500

    updating html one more time

commit 64387422a60406efdd2492f58d332586ac331780
Author: Fernando Mendoza <fernandom@utexas.edu>
Date:   Thu Apr 20 18:02:00 2017 -0500

    updating html one more time

commit 96443e96e9c6e6db5a06af3c8c8aef76199bc29f
Author: Fernando Mendoza <fernandom@utexas.edu>
Date:   Thu Apr 20 17:33:47 2017 -0500

    updating html one more time

commit e010faa19dc6c9a4500de67dc344888061916be9
Merge: 6375f78 f15c40f
Author: Conner Newman <conner@cs.utexas.edu>
Date:   Thu Apr 20 17:07:42 2017 -0500

    Merge branch 'master' of https://github.com/DasNando/idb

commit 6375f78b9349f91826cb9cba7b891298d19a8114
Author: Conner Newman <conner@cs.utexas.edu>
Date:   Thu Apr 20 17:07:38 2017 -0500

    removed html tags from review content

commit f15c40f4ebf369cbbddb719a5646ba946c823efd
Author: Laura Catano <lllaura@cs.utexas.edu>
Date:   Thu Apr 20 16:36:03 2017 -0500

    ~3,500 words

commit 30c4b04e088c6bc1f20ceb9c88740a5564a5efec
Author: Fernando Mendoza <fernandom@utexas.edu>
Date:   Thu Apr 20 15:50:32 2017 -0500

    updating html

commit cfe9440f52fa16a2a3ccb17e5efb0bde06e5d388
Author: Dylan Droll <dylan@cs.utexas.edu>
Date:   Thu Apr 20 03:13:58 2017 -0500

    LOOKING FAN-FUCKING-TASTIC

commit 6fe0284fa81f83292412970835e294ada2498b7f
Author: Fernando Mendoza <fernandom@utexas.edu>
Date:   Thu Apr 20 02:09:10 2017 -0500

    okay, this should work

commit 73a0be40f55c6fb5ec69830f59ffde6364e18d5d
Author: Fernando Mendoza <fernandom@utexas.edu>
Date:   Thu Apr 20 01:24:17 2017 -0500

    okay, this should work

commit d789fd4f7c356db594cabf57649c405d8146d023
Author: Fernando Mendoza <fernandom@utexas.edu>
Date:   Thu Apr 20 01:13:46 2017 -0500

    okay, this should work

commit 70e7e4a47df70997f239dab337b2aa959fe534c0
Author: Fernando Mendoza <fernandom@utexas.edu>
Date:   Thu Apr 20 01:13:21 2017 -0500

    okay, this should work

commit 26db7d851060abe23b79a674ebf659a231e3a202
Author: Fernando Mendoza <fernandom@utexas.edu>
Date:   Wed Apr 19 23:52:55 2017 -0500

    okay, this should work

commit 7ad77b84009c3397a8fa73d90817ab0fdc4e4e80
Author: Fernando Mendoza <fernandom@utexas.edu>
Date:   Wed Apr 19 23:39:15 2017 -0500

    one more time

commit 5ad88c0587a5da91d92767a83f6cc2f4621962e4
Author: Fernando Mendoza <fernandom@utexas.edu>
Date:   Wed Apr 19 23:11:17 2017 -0500

    one more time

commit c0c041e5b0ec53339ec515e9f171554a33e85c0c
Author: Dylan Droll <dylan@cs.utexas.edu>
Date:   Wed Apr 19 23:10:19 2017 -0500

    DOLLA DOLLA BILLS YALL

commit 22d5ed9221a2575819cfd848ac24260bbdea60de
Author: Fernando Mendoza <fernandom@utexas.edu>
Date:   Wed Apr 19 22:51:59 2017 -0500

    um

commit 0a4580652f1b2405648374cd23b9b73082c38f6c
Author: Fernando Mendoza <fernandom@utexas.edu>
Date:   Wed Apr 19 22:42:33 2017 -0500

    um

commit 6408e3dd7a1ed1221741a4bfda7288f184d7ca7d
Author: Fernando Mendoza <fernandom@utexas.edu>
Date:   Wed Apr 19 22:20:04 2017 -0500

    um

commit 7a7ae28b3dae734d890824bce16295c0c1b17b44
Author: Fernando Mendoza <fernandom@utexas.edu>
Date:   Wed Apr 19 22:14:57 2017 -0500

    um

commit c124241b465991187be8d2e65e8ca7c49787bb7c
Author: Fernando Mendoza <fernandom@utexas.edu>
Date:   Wed Apr 19 22:04:11 2017 -0500

    fixing models

commit 8881ee5f0ed4acf22dfd9f8cbf7c6c8c2c48274b
Author: Fernando Mendoza <fernandom@utexas.edu>
Date:   Wed Apr 19 21:53:19 2017 -0500

    fixing models

commit 26589f7d85d2a55948647532989dcb62b9d4d96f
Author: Fernando Mendoza <fernandom@utexas.edu>
Date:   Wed Apr 19 21:52:51 2017 -0500

    fixing models

commit 62118b8f7975cbf74ee1211f0ef9152f395ea26b
Author: Fernando Mendoza <fernandom@utexas.edu>
Date:   Wed Apr 19 21:26:08 2017 -0500

    fixing models

commit 9203e52ae2a8952a0848f25530271feff60a9694
Author: Fernando Mendoza <fernandom@utexas.edu>
Date:   Wed Apr 19 21:00:17 2017 -0500

    fixing models

commit 2d0e38c464483450cd715c112e59405c3df16614
Author: Fernando Mendoza <fernandom@utexas.edu>
Date:   Wed Apr 19 20:40:13 2017 -0500

    fixing models

commit 78953c0f6d29a377a8dd1d65c7d0331d4c8b859b
Author: Dylan Droll <dylan@cs.utexas.edu>
Date:   Wed Apr 19 20:39:32 2017 -0500

    just dont change the word title in the url lul

commit 68b15f1aa325a78ed9bc18774b7d686524db623c
Author: Fernando Mendoza <fernandom@utexas.edu>
Date:   Wed Apr 19 20:24:06 2017 -0500

    fixing models

commit e9814734cc12f7e6c62ef79ab2960f260c6f751a
Author: Fernando Mendoza <fernandom@utexas.edu>
Date:   Wed Apr 19 20:12:06 2017 -0500

    fixing models

commit c7a74a5a6714c2f71e891c0b47863d1fb3ac31c7
Author: Fernando Mendoza <fernandom@utexas.edu>
Date:   Wed Apr 19 20:03:17 2017 -0500

    fixing models

commit 134b0c47e5c72d01fd8713dc9c14cf9c1ca95c4f
Author: Fernando Mendoza <fernandom@utexas.edu>
Date:   Wed Apr 19 19:40:16 2017 -0500

    fixing models

commit 487d5aa675752326710e97ab51f01febdc2b1c38
Author: Fernando Mendoza <fernandom@utexas.edu>
Date:   Wed Apr 19 19:23:18 2017 -0500

    fixing models

commit 9b5af95b1e403b0156f5ea9641920d0f95ebb2b3
Merge: e5c5519 1c1dad8
Author: Dylan Droll <dylan@cs.utexas.edu>
Date:   Wed Apr 19 19:21:58 2017 -0500

    Merge branch 'master' of https://github.com/DasNando/idb

commit e5c55191a746f643d12633269340ca06caaf8b9e
Author: Dylan Droll <dylan@cs.utexas.edu>
Date:   Wed Apr 19 19:21:30 2017 -0500

    testing .search

commit 1c1dad8db1aa1ede5cfb6551e55b612221195b60
Merge: 24b73e4 773f2cd
Author: Conner Newman <conner@cs.utexas.edu>
Date:   Wed Apr 19 17:52:03 2017 -0500

    Merge branch 'master' of https://github.com/DasNando/idb

commit 24b73e45962561259fab14e336dd3c19c36b4667
Author: Conner Newman <conner@cs.utexas.edu>
Date:   Wed Apr 19 17:52:00 2017 -0500

    monkeying around

commit 773f2cd6d4a93b5bb71b7996f6ed54d78f072cfc
Author: Dylan Droll <dylan@cs.utexas.edu>
Date:   Wed Apr 19 16:56:45 2017 -0500

    reviews is now populated

commit 6ffdf786767601375b15c736f3c3fcebb12fa8ff
Merge: 803f0e3 bb3c0bb
Author: Conner Newman <conner@cs.utexas.edu>
Date:   Wed Apr 19 16:46:09 2017 -0500

    Merge branch 'master' of https://github.com/DasNando/idb

commit 803f0e3c4cec32749231c97dbaf2d34811351c9c
Author: Conner Newman <conner@cs.utexas.edu>
Date:   Wed Apr 19 16:46:06 2017 -0500

    more authors

commit bb3c0bb25bf55fc0ff51d00072ad01a71d90b706
Author: Fernando Mendoza <fernandom@utexas.edu>
Date:   Wed Apr 19 16:05:43 2017 -0500

    fixing models

commit 1f50206aa5c94929bca85ec3273f8eb6a39582f8
Merge: 2262434 cbd39e0
Author: Conner Newman <conner@cs.utexas.edu>
Date:   Wed Apr 19 16:03:07 2017 -0500

    Merge branch 'master' of https://github.com/DasNando/idb

commit 2262434ccc5ce149db4e131c57b2859ecc505c23
Author: Conner Newman <conner@cs.utexas.edu>
Date:   Wed Apr 19 16:02:56 2017 -0500

    add more reviews

commit cbd39e0821184e78dd9a72b4d8ade34315d207b5
Author: Fernando Mendoza <fernandom@utexas.edu>
Date:   Wed Apr 19 16:01:41 2017 -0500

    fixing models

commit 04b40b6622a45a787e9038ddc5e97386b160248e
Author: Fernando Mendoza <fernandom@utexas.edu>
Date:   Wed Apr 19 16:00:27 2017 -0500

    fixing models

commit 112fddca4059386745afe02741c8d2dc1f0f3116
Author: Conner Newman <conner@cs.utexas.edu>
Date:   Wed Apr 19 15:50:13 2017 -0500

    laalalalla

commit d0d7a15080640a565004e7c9533d003743f397a3
Author: Conner Newman <conner@cs.utexas.edu>
Date:   Wed Apr 19 15:22:55 2017 -0500

    babys first api call

commit d0121f5dff99c49240ef1281f9b1f7de88c14028
Author: Conner Newman <conner@cs.utexas.edu>
Date:   Wed Apr 19 15:16:43 2017 -0500

    babys first js

commit 4ca27131465a5eb7c5a7548ab4eba35ef731098c
Author: Fernando Mendoza <fernandom@utexas.edu>
Date:   Wed Apr 19 14:49:23 2017 -0500

    fixing models

commit 067de3998f7c7ad032e30704b80736efd3ed7678
Author: Fernando Mendoza <fernandom@utexas.edu>
Date:   Wed Apr 19 14:37:21 2017 -0500

    fixing models

commit 4564881f44febf2df6192bdb1d2ac167552b3c81
Author: Fernando Mendoza <fernandom@utexas.edu>
Date:   Wed Apr 19 14:21:29 2017 -0500

    fixing models

commit d703a8ffd94a10f78b5cbe938c5b04eaf545fec5
Author: Fernando Mendoza <fernandom@utexas.edu>
Date:   Wed Apr 19 14:05:58 2017 -0500

    fixing models

commit 14ad63bd26e66ef2f111d832048ad5a83431a654
Author: Fernando Mendoza <fernandom@utexas.edu>
Date:   Wed Apr 19 13:19:17 2017 -0500

    okay, this oughta be fixaroni pepperoni

commit 1c40d47ec57393f59117767951c6c3f7f31b6e2b
Author: Fernando Mendoza <fernandom@utexas.edu>
Date:   Tue Apr 18 15:23:43 2017 -0500

    sure

commit a0cb34a32f85a63d0a0a1f18ffc64b36f94e91a8
Author: Fernando Mendoza <fernandom@utexas.edu>
Date:   Tue Apr 18 15:10:59 2017 -0500

    sure

commit 689f337a5017d0d419a1e0a296d7e71b60ee189c
Author: Dylan Droll <dylan@cs.utexas.edu>
Date:   Mon Apr 17 21:05:17 2017 -0500

    daddy filled me with his hot sticky data

commit ece25af4f73baff6499f9d376175be5f9d4160ab
Author: Conner Newman <conner@cs.utexas.edu>
Date:   Mon Apr 17 15:36:57 2017 -0500

    fuck github

commit 995d4ad42907f096bac9994c02e266f705fbb597
Author: Conner Newman <conner@cs.utexas.edu>
Date:   Mon Apr 17 15:31:00 2017 -0500

    Revert "added more to book model"
    
    This reverts commit f60a6067a2cef96c4c3859f3b9e62bdff3ea5752.

commit 60e3c2dc7769e189d0538c47acd50582fbdf62d1
Author: Conner Newman <conner@cs.utexas.edu>
Date:   Mon Apr 17 15:04:49 2017 -0500

    one char fiz

commit 48f76f4e13bf50c656ecf4edfdfb530bd9a9f049
Merge: f60a606 4d8db67
Author: Conner Newman <conner@cs.utexas.edu>
Date:   Mon Apr 17 14:56:49 2017 -0500

    im trying to add this studd

commit f60a6067a2cef96c4c3859f3b9e62bdff3ea5752
Author: Conner Newman <conner@cs.utexas.edu>
Date:   Mon Apr 17 14:54:31 2017 -0500

    added more to book model

commit 4d8db670571b92a090bd868e3f71e785ef49c29a
Author: Fernando Mendoza <fernandom@utexas.edu>
Date:   Mon Apr 17 14:25:24 2017 -0500

    testing

commit cbe8cf1c8e27273564ca3f6d02a57a3f5fd47027
Author: Fernando Mendoza <fernandom@utexas.edu>
Date:   Mon Apr 17 14:11:16 2017 -0500

    testing

commit f94405e98ee89b1cbfea40f5070e4862d7ffd297
Author: Dylan Droll <dylan@cs.utexas.edu>
Date:   Mon Apr 17 13:20:00 2017 -0500

    got date sorting correctly

commit 1a36a10df5c3ed8591a88b59ed653c1dc4a1964c
Author: Fernando Mendoza <fernandom@utexas.edu>
Date:   Mon Apr 17 07:26:57 2017 -0500

    OH YESSS THE DATA HAS LANDED

commit d1fdbfba7b4b442b459cf7ce56ab3dd3383cabda
Merge: e4365ce 24dcc7e
Author: Dylan Droll <dylan@cs.utexas.edu>
Date:   Sun Apr 16 03:05:41 2017 -0500

    Merge branch 'master' of https://github.com/DasNando/idb

commit e4365ce4aa73c7f8b8a56dae702c16cdab918a67
Author: Dylan Droll <dylan@cs.utexas.edu>
Date:   Sun Apr 16 03:04:50 2017 -0500

    Phase 2 mostly completed kek

commit 24dcc7e1bad7137ad23b84b2b4c2549fe4e0a4a6
Author: Fernando Mendoza <fernandom@utexas.edu>
Date:   Sun Apr 16 00:39:36 2017 -0500

    OH YESSS THE DATA HAS LANDED

commit 98eb9c3aa7c7cde2af5e8a363b70d7f9b79cd6dd
Author: Fernando Mendoza <fernandom@utexas.edu>
Date:   Sun Apr 16 00:21:51 2017 -0500

    meme me daddy

commit 1555dc772ed6ed759fae3e8f29692959c2b22974
Author: Fernando Mendoza <fernandom@utexas.edu>
Date:   Sun Apr 16 00:06:39 2017 -0500

    CORS?

commit d525f9f3c98228cfe53820cc250941d3388e7e77
Author: Fernando Mendoza <fernandom@utexas.edu>
Date:   Sat Apr 15 23:56:04 2017 -0500

    CORS?

commit 00cadfa3b6d9315bb602452239eba967ff36e007
Author: Fernando Mendoza <fernandom@utexas.edu>
Date:   Sat Apr 15 23:46:05 2017 -0500

    CORS?

commit 0082cd86a285f10f19e6308ef002c3fc6d06b52b
Author: Fernando Mendoza <fernandom@utexas.edu>
Date:   Sat Apr 15 23:37:24 2017 -0500

    CORS?

commit 3e6cfc6298be40e3bf6dd7c129ca34719be6db1d
Author: Fernando Mendoza <fernandom@utexas.edu>
Date:   Sat Apr 15 23:26:19 2017 -0500

    CORS?

commit a549b14b080e699c13f4c1f8a35fbde6434fc4ff
Merge: 8c6d645 22b5042
Author: Dylan Droll <dylan@cs.utexas.edu>
Date:   Sat Apr 15 23:20:38 2017 -0500

    Merge branch 'master' of https://github.com/DasNando/idb

commit 8c6d645cf1658de39deedf305b0000c90e21338a
Author: Dylan Droll <dylan@cs.utexas.edu>
Date:   Sat Apr 15 23:20:05 2017 -0500

    maybe we are calling the api right?

commit 22b5042d729bd8c85bceb23e904fb7e6569d1290
Author: Fernando Mendoza <fernandom@utexas.edu>
Date:   Sat Apr 15 22:41:49 2017 -0500

    looks about ready

commit 47f27f4c3f7b816c05d64321c8a68e8eefb250fe
Author: Fernando Mendoza <fernandom@utexas.edu>
Date:   Sat Apr 15 22:14:43 2017 -0500

    looks about ready

commit 1bfde9e8863e1f5b75d2c902142e27c21e2bb17d
Author: Fernando Mendoza <fernandom@utexas.edu>
Date:   Sat Apr 15 18:01:56 2017 -0500

    looks about ready

commit 4e7333af9bb2dc1e53d32ea2a3f84816f751495c
Author: Fernando Mendoza <fernandom@utexas.edu>
Date:   Sat Apr 15 17:23:56 2017 -0500

    looks about ready

commit a3ddc3c840881718aada8ef31aa14e152474b78c
Author: Fernando Mendoza <fernandom@utexas.edu>
Date:   Sat Apr 15 16:47:50 2017 -0500

    looks about ready

commit 6db2ef634de0ad5ed30316afee7be6c2691921af
Author: Fernando Mendoza <fernandom@utexas.edu>
Date:   Sat Apr 15 16:16:47 2017 -0500

    looks about ready

commit d6037e24f55e83e2e80a43b5331a482c523c8400
Author: Fernando Mendoza <fernandom@utexas.edu>
Date:   Sat Apr 15 16:00:58 2017 -0500

    looks about ready

commit 77b228249ee82424ad17345d153872aa7d52978e
Author: Fernando Mendoza <fernandom@utexas.edu>
Date:   Sat Apr 15 15:47:34 2017 -0500

    looks about ready

commit 91c3a3fb7d77bf2fcde73470ce2745e3021e0c34
Author: Fernando Mendoza <fernandom@utexas.edu>
Date:   Sat Apr 15 15:32:27 2017 -0500

    looks about ready

commit fb35bc84553c569e4aa4f051380ea17b9cb8f44a
Author: Fernando Mendoza <fernandom@utexas.edu>
Date:   Sat Apr 15 14:19:53 2017 -0500

    looks about ready

commit f30af7c936d892242467c299983d52211937adfd
Author: Fernando Mendoza <fernandom@utexas.edu>
Date:   Sat Apr 15 14:01:27 2017 -0500

    Let's try this AGAIN

commit 7acb75b031e7831a0cd39d717e86497e3667e363
Author: Fernando Mendoza <fernandom@utexas.edu>
Date:   Sat Apr 15 05:38:13 2017 -0500

    Let's try this AGAIN

commit afae0e813c610ffdf978f91197c522f2d1beb364
Author: Fernando Mendoza <fernandom@utexas.edu>
Date:   Sat Apr 15 05:22:39 2017 -0500

    Let's try this AGAIN

commit 0165a36b2b80ae6b885a1882fb9e421e6ede72b2
Author: Fernando Mendoza <fernandom@utexas.edu>
Date:   Sat Apr 15 05:09:06 2017 -0500

    Let's try this..

commit 6cf578e165c43982ba0e72b9fdce744e7566fa25
Author: Fernando Mendoza <fernandom@utexas.edu>
Date:   Sat Apr 15 04:37:34 2017 -0500

    YESSSS AHHHH

commit 8de0787621269eae725b99157b440dbcad2fc8d2
Author: Fernando Mendoza <fernandom@utexas.edu>
Date:   Sat Apr 15 04:26:21 2017 -0500

    YESSSS AHHHH

commit e5289d41c5cd41c68e806b1e16934c46416fbd20
Author: Fernando Mendoza <fernandom@utexas.edu>
Date:   Sat Apr 15 03:32:39 2017 -0500

    YESSSS AHHHH

commit fac6dd907a443e8f582ec1363810c49da80f82e2
Author: Fernando Mendoza <fernandom@utexas.edu>
Date:   Sat Apr 15 01:04:18 2017 -0500

    YESSSS AHHHH

commit 75518ad176ef743832950072e55c475c407afcde
Author: Fernando Mendoza <fernandom@utexas.edu>
Date:   Wed Apr 12 06:46:37 2017 -0500

    YESSSS AHHHH

commit c3afb28249ac94a6cc7996295807a0065242b3bd
Author: Fernando Mendoza <fernandom@utexas.edu>
Date:   Wed Apr 12 05:24:20 2017 -0500

    what about this?

commit 80bb4fdd47ba5cc4f2ad0f75f95f597a9bc59da5
Author: Fernando Mendoza <fernandom@utexas.edu>
Date:   Wed Apr 12 04:28:50 2017 -0500

    what about this?

commit 7e5a0f9686a13c55903428ed22711aecc67e90cc
Author: Fernando Mendoza <fernandom@utexas.edu>
Date:   Wed Apr 12 01:45:32 2017 -0500

    what about this?

commit 1e1d306a6977cc4166d7d3f8f2fe32f7a1112b6e
Author: Fernando Mendoza <fernandom@utexas.edu>
Date:   Wed Apr 12 01:14:12 2017 -0500

    SO FUCKING CLOSEEE

commit 81797ba9c82a7f6ccde7e1758cc8507afa68a1e3
Author: Fernando Mendoza <fernandom@utexas.edu>
Date:   Wed Apr 12 00:59:50 2017 -0500

    So close...

commit aea59812f80933ad162f58f82a21d8e81507f834
Author: Fernando Mendoza <fernandom@utexas.edu>
Date:   Wed Apr 12 00:31:46 2017 -0500

    maybe almost working?

commit 2e789feffd198d4f0e88b7022ad6711dbecc18a6
Author: Fernando Mendoza <fernandom@utexas.edu>
Date:   Wed Apr 12 00:17:13 2017 -0500

    maybe almost working?

commit f209deefad771f7194d98b56c432dc809c6dc83d
Author: Fernando Mendoza <fernandom@utexas.edu>
Date:   Wed Apr 12 00:05:03 2017 -0500

    maybe almost working?

commit c307d59918253aba6ebc6914e60b29d5fc4549c7
Author: Fernando Mendoza <fernandom@utexas.edu>
Date:   Wed Apr 12 00:02:15 2017 -0500

    maybe almost working?

commit c2d4f6932e410e9b8a3ca0e06fa518790efccb37
Author: Fernando Mendoza <fernandom@utexas.edu>
Date:   Tue Apr 11 21:33:14 2017 -0500

    maybe almost working?

commit 9e03aee904b78224e765252e4bfdcf09dbdfd15e
Author: Fernando Mendoza <fernandom@utexas.edu>
Date:   Tue Apr 11 21:26:36 2017 -0500

    Testing new setup

commit 635c9142e0fc4f1c2af95e63fe0b7865405bdd2a
Author: Fernando Mendoza <fernandom@utexas.edu>
Date:   Tue Apr 11 21:24:30 2017 -0500

    Testing new setup

commit 3230c8c8febbcaf5dcceec39c6208e7163df759a
Author: Fernando Mendoza <fernandom@utexas.edu>
Date:   Tue Apr 11 21:14:08 2017 -0500

    ok, it wasnt

commit 47e2b7bcce16b0e07e0dc50b9cb49abe1f7e1ae3
Author: Fernando Mendoza <fernandom@utexas.edu>
Date:   Tue Apr 11 09:25:26 2017 -0500

    ok, it wasnt

commit 1d8c7555ce1de18906df53e515c12546d51c2c0a
Author: Fernando Mendoza <fernandom@utexas.edu>
Date:   Tue Apr 11 09:16:36 2017 -0500

    no way.

commit 6f42b87b296e610998712c1b4974d0527763a029
Author: Fernando Mendoza <fernandom@utexas.edu>
Date:   Tue Apr 11 01:36:22 2017 -0500

    testing new lib files?

commit 62b81708e1d57de6aeae2448b496b5a5d19b1162
Author: Dylan Droll <dylan@cs.utexas.edu>
Date:   Mon Apr 10 12:11:12 2017 -0500

    big sorry tm

commit c8991df750a95b1dc4ea74b1ecbaf3b763d347bd
Author: Dylan Droll <dylan@cs.utexas.edu>
Date:   Mon Apr 10 12:07:29 2017 -0500

    minor fixes.jpg

commit c7ba4d0069621ea3b97d02d21544d651321c5b1c
Merge: fd9639b a7bde03
Author: Dylan Droll <dylan@cs.utexas.edu>
Date:   Fri Apr 7 21:49:54 2017 -0500

    Merge branch 'master' of https://github.com/DasNando/idb

commit fd9639bf7cbacda15e1648deeeb483fcd9664cf7
Author: Dylan Droll <dylan@cs.utexas.edu>
Date:   Fri Apr 7 21:49:50 2017 -0500

    Please don't blow up part 2

commit a7bde031e4cfacc7be20eee07c3d9cedd575515f
Author: Laura Catano <lllaura@cs.utexas.edu>
Date:   Fri Apr 7 21:41:06 2017 -0500

    Updated about page

commit 2b8d2eb42f169d5d6084c3d6f80abf09a122c4e6
Author: Fernando Mendoza <fernandom@utexas.edu>
Date:   Fri Apr 7 21:38:47 2017 -0500

    updating config

commit 61632bd3e4fbed44f1a8c5e3dd57eb372d1d4493
Merge: 04e0fc2 7c22eb8
Author: Conner Newman <conner@cs.utexas.edu>
Date:   Fri Apr 7 21:33:45 2017 -0500

    Merge branch 'master' of https://github.com/DasNando/idb

commit 04e0fc28e4fda494665c23e0e5c8ab2c97c31218
Author: Conner Newman <conner@cs.utexas.edu>
Date:   Fri Apr 7 21:33:42 2017 -0500

    unit tests back up

commit 7c22eb8f7f3d8a269e6a28c1980eabd89a3fb49e
Merge: 70b03d2 c3f9bca
Author: Fernando Mendoza <fernandom@utexas.edu>
Date:   Fri Apr 7 20:35:55 2017 -0500

    Merge remote-tracking branch 'origin/master'

commit 70b03d203c6bde7fbb51b3a392d8a5e6fc648291
Author: Fernando Mendoza <fernandom@utexas.edu>
Date:   Fri Apr 7 20:34:46 2017 -0500

    updating config

commit c3f9bca6ea16e0f99605f21366dabb3b1a552d6a
Merge: 08fdf86 9721690
Author: Conner Newman <conner@cs.utexas.edu>
Date:   Fri Apr 7 20:28:35 2017 -0500

    Merge branch 'master' of https://github.com/DasNando/idb

commit 08fdf86bd87bad841ab38a0a46d99f3039d02495
Author: Conner Newman <conner@cs.utexas.edu>
Date:   Fri Apr 7 20:28:20 2017 -0500

    updated my about part deux

commit 9721690457315b1e8061348a1590d537133fa904
Author: Fernando Mendoza <fernandom@utexas.edu>
Date:   Fri Apr 7 20:27:01 2017 -0500

    will it blend?

commit 0564d8fe5356d581a9cf60af2e41fb96d4a1cd2a
Author: Fernando Mendoza <fernandom@utexas.edu>
Date:   Fri Apr 7 20:16:37 2017 -0500

    will it blend?

commit ebe8608ed4d4f860a5db917ed41796bfda24a8d7
Merge: 6207cdf 9679e54
Author: Fernando Mendoza <fernandom@utexas.edu>
Date:   Fri Apr 7 20:05:09 2017 -0500

    Merge remote-tracking branch 'origin/master'

commit 6207cdf49158ba7c8f67cc57cd0d90697b51c97d
Author: Fernando Mendoza <fernandom@utexas.edu>
Date:   Fri Apr 7 20:05:01 2017 -0500

    change db query type

commit 9679e546ef0c0685b74b83135119b0fd44ac8a3c
Author: Laura Catano <lllaura@cs.utexas.edu>
Date:   Fri Apr 7 19:36:06 2017 -0500

    more words

commit a2281bc0299b7ab30420fc2da425808b6f4775d6
Merge: 8595a40 aec777d
Author: Conner Newman <conner@cs.utexas.edu>
Date:   Fri Apr 7 19:32:01 2017 -0500

    Merge branch 'master' of https://github.com/DasNando/idb

commit 8595a403a2da56d768933ebaf7e3282f4ee592e1
Author: Conner Newman <conner@cs.utexas.edu>
Date:   Fri Apr 7 19:31:45 2017 -0500

    updated my about

commit aec777df548eea5510d61a53ae4b62e96d3016fc
Author: Fernando Mendoza <fernandom@utexas.edu>
Date:   Fri Apr 7 19:11:08 2017 -0500

    drastice changes to main

commit 59428163e604bed8d8dd74eaf47cdd294d2b65b5
Author: Fernando Mendoza <fernandom@utexas.edu>
Date:   Fri Apr 7 19:05:19 2017 -0500

    drastice changes to main

commit 396bbd992d0e79e7bf221eb7a15e581f406a9673
Author: Fernando Mendoza <fernandom@utexas.edu>
Date:   Fri Apr 7 18:47:06 2017 -0500

    drastice changes to main

commit 10692ef7b5aa49a86b1ef72625070d65e84da500
Author: Fernando Mendoza <fernandom@utexas.edu>
Date:   Fri Apr 7 18:42:41 2017 -0500

    drastice changes to main

commit b09b5e4e5b16920197f02c03f49dcec837ad55ca
Merge: ef11c34 f479add
Author: Fernando Mendoza <fernandom@utexas.edu>
Date:   Fri Apr 7 18:40:23 2017 -0500

    Merge remote-tracking branch 'origin/master'

commit ef11c3468858fda43169264689f93a1b36252bf8
Author: Fernando Mendoza <fernandom@utexas.edu>
Date:   Fri Apr 7 18:40:00 2017 -0500

    drastice changes to main

commit f479add05cebbfacebf7141d1a4d0da808ae8ec5
Author: Laura Catano <lllaura@cs.utexas.edu>
Date:   Fri Apr 7 18:26:28 2017 -0500

    added to techdoc

commit 738cd99c6f66aa7937b067494aec30e038aa3b79
Author: Fernando Mendoza <fernandom@utexas.edu>
Date:   Fri Apr 7 18:24:55 2017 -0500

    drastice changes to main

commit 866bb2ca32a878e7be171c0ad678fb82faec4ff2
Merge: 740d8ae 08243b5
Author: Fernando Mendoza <fernandom@utexas.edu>
Date:   Fri Apr 7 18:10:42 2017 -0500

    Merge remote-tracking branch 'origin/master'

commit 740d8ae0eb4e2fa5006a92f88cde3981ce965ba1
Author: Fernando Mendoza <fernandom@utexas.edu>
Date:   Fri Apr 7 18:10:33 2017 -0500

    drastice changes to main

commit 08243b5850041d2b34685a14d9be325109ec33cb
Merge: 2ba0b5c 4c3077c
Author: Conner Newman <conner@cs.utexas.edu>
Date:   Fri Apr 7 18:03:21 2017 -0500

    Merge branch 'master' of https://github.com/DasNando/idb

commit 2ba0b5ca00c0917fffb9bb63b942ecc4287a4030
Author: Conner Newman <conner@cs.utexas.edu>
Date:   Fri Apr 7 18:03:09 2017 -0500

    finished db setup for htis stage

commit 4c3077cadc8911a85956f719c0f409b14dba5250
Author: Fernando Mendoza <fernandom@utexas.edu>
Date:   Fri Apr 7 17:59:23 2017 -0500

    drastice changes to main

commit 23a6eff5a83ab7a2f7b183b9ea3b128f6356f8ed
Author: Fernando Mendoza <fernandom@utexas.edu>
Date:   Fri Apr 7 17:51:30 2017 -0500

    drastice changes to main

commit 691e5a3dbb472212560c9bd3109f35acf386bc4f
Author: Fernando Mendoza <fernandom@utexas.edu>
Date:   Fri Apr 7 17:24:07 2017 -0500

    testing

commit a051eec7a0cbbec72da794c91804bc7cac19870a
Merge: d975ac7 95fb21a
Author: Fernando Mendoza <fernandom@utexas.edu>
Date:   Fri Apr 7 17:11:42 2017 -0500

    Merge remote-tracking branch 'origin/master'

commit d975ac7ebe08cff50f0e00378711806119f4716b
Author: Fernando Mendoza <fernandom@utexas.edu>
Date:   Fri Apr 7 17:11:27 2017 -0500

    testing

commit 95fb21a8ea6fbe012d8bc218d862f30d6fcf576e
Merge: b5565cd a9234ff
Author: Laura Catano <lllaura@cs.utexas.edu>
Date:   Fri Apr 7 17:06:18 2017 -0500

    Merge branch 'master' of https://github.com/DasNando/idb

commit a9234ff9f813bdfebdf3351312786e05e428134b
Author: Fernando Mendoza <fernandom@utexas.edu>
Date:   Fri Apr 7 17:05:57 2017 -0500

    testing

commit b5565cd4b0cc565002640e1832696f008ca0fcdf
Author: Laura Catano <lllaura@cs.utexas.edu>
Date:   Fri Apr 7 17:05:54 2017 -0500

    Added a few words to tech report

commit bb9b787f308ab48fae8044d5fb55c7722e7d11eb
Author: Fernando Mendoza <fernandom@utexas.edu>
Date:   Fri Apr 7 16:59:53 2017 -0500

    reverting models

commit 389fa77beaa2694e3ff6a8cb194fa798182c2b6f
Author: Fernando Mendoza <fernandom@utexas.edu>
Date:   Fri Apr 7 16:55:49 2017 -0500

    reverting models

commit 1746d8dbf4bdab0647bb702aaa4b6e7f963a7f02
Author: Fernando Mendoza <fernandom@utexas.edu>
Date:   Fri Apr 7 16:19:28 2017 -0500

    reverting models

commit 6206ee72383d52a1ca899cfc6c21a2c6d37af32c
Author: Fernando Mendoza <fernandom@utexas.edu>
Date:   Fri Apr 7 15:37:42 2017 -0500

    testing new travis file

commit c71e6e3c7ac2967d3b7bc306593808c4a358bcbf
Author: Fernando Mendoza <fernandom@utexas.edu>
Date:   Fri Apr 7 15:14:38 2017 -0500

    testing new travis file

commit 9b274eabe6e22773b900a6499835084206286fe1
Author: Fernando Mendoza <fernandom@utexas.edu>
Date:   Fri Apr 7 15:06:08 2017 -0500

    testing new travis file

commit 9fe81191b4aff4e2aa2c4863bd656272f4c4232e
Author: Fernando Mendoza <fernandom@utexas.edu>
Date:   Fri Apr 7 15:03:03 2017 -0500

    testing new travis file

commit 43808020b292f68610b4138fa63e74b2d1d4493a
Author: Dylan Droll <dylan@cs.utexas.edu>
Date:   Fri Apr 7 14:59:58 2017 -0500

    Please don't blow up

commit aae2728d08df06fded4a1f7185ea5d684db64e10
Merge: a137ef3 91fa8e9
Author: Fernando Mendoza <fernandom@utexas.edu>
Date:   Fri Apr 7 14:32:37 2017 -0500

    Merge remote-tracking branch 'origin/master'

commit a137ef37b365cee22027a10236c0816134052a12
Author: Fernando Mendoza <fernandom@utexas.edu>
Date:   Fri Apr 7 14:32:25 2017 -0500

    Adding monkeyfix

commit 91fa8e9b7429c96b55cae7b682d7b0a1d1480780
Author: Laura Catano <lllaura@cs.utexas.edu>
Date:   Fri Apr 7 14:29:59 2017 -0500

    Fixed models

commit 1d3b62eb437600084df63951e5adf621cfeb9da9
Author: Fernando Mendoza <fernandom@utexas.edu>
Date:   Fri Apr 7 14:26:13 2017 -0500

    can we send a request to Travis?

commit 420a175c2f377dc9aabbf977d0e6766d00d62a8e
Author: Fernando Mendoza <fernandom@utexas.edu>
Date:   Fri Apr 7 14:22:07 2017 -0500

    can we send a request to Travis?

commit 22fd8093f8667672f212908fff2ab39e01c88dc2
Author: Fernando Mendoza <fernandom@utexas.edu>
Date:   Fri Apr 7 14:16:56 2017 -0500

    no Popen, I guess

commit dcd31fbbea00316faca2e79cc0cc4c60cf836bd3
Author: Fernando Mendoza <fernandom@utexas.edu>
Date:   Fri Apr 7 14:14:16 2017 -0500

    updating models

commit c35504a46cca7143073aabac01aa90853a3798f0
Author: Fernando Mendoza <fernandom@utexas.edu>
Date:   Fri Apr 7 14:11:54 2017 -0500

    updating models

commit 3f8ce9af5cf8ae03664e89c69e7b073d03ad5de8
Merge: bdce3a6 ecd1e31
Author: Laura Catano <lllaura@cs.utexas.edu>
Date:   Fri Apr 7 14:05:42 2017 -0500

    Merge branch 'master' of https://github.com/DasNando/idb

commit bdce3a6421105d83d6b5b016baa6b1fe131d0452
Author: Laura Catano <lllaura@cs.utexas.edu>
Date:   Fri Apr 7 14:05:21 2017 -0500

    fixes to models structures

commit ecd1e31e09d7457fcc24f8f1590811092932768e
Author: Fernando Mendoza <fernandom@utexas.edu>
Date:   Fri Apr 7 14:04:24 2017 -0500

    trying again, but with popen

commit 7f09944d8995c8394b1f3bf941fb860017c84052
Author: Fernando Mendoza <fernandom@utexas.edu>
Date:   Fri Apr 7 13:53:35 2017 -0500

    trying again, but with popen

commit cfbe71ddc6097b08dacb1cdd586526686a0def9d
Author: Fernando Mendoza <fernandom@utexas.edu>
Date:   Fri Apr 7 13:47:37 2017 -0500

    trying again, but with popen

commit aeb82fdae45438c374a2c8c2909a934a09b1b457
Author: Fernando Mendoza <fernandom@utexas.edu>
Date:   Fri Apr 7 13:38:26 2017 -0500

    trying again, but with popen

commit 5af55a16e4fe38537601e01edad44d3b37d83247
Author: Fernando Mendoza <fernandom@utexas.edu>
Date:   Fri Apr 7 13:32:13 2017 -0500

    trying again, but with popen

commit 69b81f2d39c8d6e0eff9dd908567ac517e9266fd
Author: Fernando Mendoza <fernandom@utexas.edu>
Date:   Fri Apr 7 13:26:44 2017 -0500

    updating to support ssl

commit aa12575b7c308029f3171b019aab3043c3831f25
Author: Fernando Mendoza <fernandom@utexas.edu>
Date:   Fri Apr 7 13:19:12 2017 -0500

    updating to support ssl

commit 8530fb4f6dbcdbcd2959acfcfc78b5fbc6559204
Merge: f400f5b e3d6416
Author: Fernando Mendoza <fernandom@utexas.edu>
Date:   Fri Apr 7 13:16:01 2017 -0500

    Merge remote-tracking branch 'origin/master'

commit f400f5bc1fd49cd0449e8f38528e2c5aa5a6409b
Author: Fernando Mendoza <fernandom@utexas.edu>
Date:   Fri Apr 7 13:15:47 2017 -0500

    Testing tests-on-click output

commit e3d6416ac13814be204418e3fc272d1f88908e0e
Author: Laura Catano <lllaura@cs.utexas.edu>
Date:   Fri Apr 7 13:03:58 2017 -0500

    Updated UML doc

commit 839e2f2d800065e2db2b9f04aecf5473a3c8782d
Author: Laura Catano <lllaura@cs.utexas.edu>
Date:   Fri Apr 7 12:54:56 2017 -0500

    Fixed sample data

commit 044086861615bc8872e980eb9d7134f0cca7a4d5
Author: Fernando Mendoza <fernandom@utexas.edu>
Date:   Fri Apr 7 10:42:14 2017 -0500

    API almost fully implemented

commit d475a7d01990122b29bbb7d2edb65412297d8ae9
Author: Fernando Mendoza <fernandom@utexas.edu>
Date:   Fri Apr 7 02:21:59 2017 -0500

    fixing lib

commit 66535c8c77f7a9e6d1c37debf2338186e74f8cc0
Author: Fernando Mendoza <fernandom@utexas.edu>
Date:   Fri Apr 7 02:20:02 2017 -0500

    fixing assertion error

commit 716b838c2626de2597318f7d490bc2230bf908b1
Author: Dylan Droll <dylan@cs.utexas.edu>
Date:   Fri Apr 7 01:53:00 2017 -0500

    fill me with data daddy

commit 1f82eb15595448f34d1c398489698ead84a4a92e
Merge: 0c9a8b8 122206c
Author: Laura Catano <lllaura@cs.utexas.edu>
Date:   Thu Apr 6 22:11:31 2017 -0500

    Merge branch 'master' of https://github.com/DasNando/idb

commit 0c9a8b8962fa84caf105cdadaec87789263d975b
Author: Laura Catano <lllaura@cs.utexas.edu>
Date:   Thu Apr 6 22:11:25 2017 -0500

    Added publisher scraping

commit 122206ce92a889344bc4d6d4a9bd0d9b42b0148d
Author: Conner Newman <conner@cs.utexas.edu>
Date:   Thu Apr 6 21:23:59 2017 -0500

    scraping + adding done for authors and books, needs to be done for publishers + reviews

commit a08d97d08c4ba3185d47ef83447d41d5bab3cca7
Merge: 442b9ef 7741f44
Author: Conner Newman <conner@cs.utexas.edu>
Date:   Thu Apr 6 20:14:01 2017 -0500

    Merge branch 'master' of https://github.com/DasNando/idb

commit 442b9efb640b48f5fe41f66a8ab8045e0435c0bf
Author: Conner Newman <conner@cs.utexas.edu>
Date:   Thu Apr 6 20:13:56 2017 -0500

    authors scraped is over 9000! (actually like 280)

commit 7741f44e45deebce81497c22b26307a9b07cea30
Merge: dc4c23e 70a987b
Author: Dylan Droll <dylan@cs.utexas.edu>
Date:   Thu Apr 6 19:33:22 2017 -0500

    Merge branch 'master' of https://github.com/DasNando/idb

commit dc4c23e69902f7a6a42230677101b7f8bf2d63fc
Author: Dylan Droll <dylan@cs.utexas.edu>
Date:   Thu Apr 6 19:30:05 2017 -0500

    Added a run test button

commit 70a987b5fa395d9efa676efa04f30fe24a5f872d
Merge: 3110f45 40e0561
Author: Conner Newman <conner@cs.utexas.edu>
Date:   Thu Apr 6 19:29:11 2017 -0500

    Merge branch 'master' of https://github.com/DasNando/idb
    
    kek

commit 3110f4573e8b938625cc8c1fa3bec6bd54df87b0
Author: Conner Newman <conner@cs.utexas.edu>
Date:   Thu Apr 6 19:29:08 2017 -0500

    added more scraping scripts

commit 40e0561fc60b01da77bcc0b42995eb4ccdc57fa4
Author: Fernando Mendoza <fernandom@utexas.edu>
Date:   Thu Apr 6 18:22:19 2017 -0500

    fixing assertion error

commit 1e30f0118282e850669f6345ba056a0c7185236a
Author: Dylan Droll <dylan@cs.utexas.edu>
Date:   Thu Apr 6 18:14:15 2017 -0500

    fixed the publisher.html issue

commit 8129954911f2eb3597f5139c30cff4f43a65858b
Author: Laura Catano <lllaura@cs.utexas.edu>
Date:   Thu Apr 6 18:12:59 2017 -0500

    Added book scraper script

commit 710420c907e74a1a847546d04710ce6c63e5251d
Author: Laura Catano <lllaura@cs.utexas.edu>
Date:   Thu Apr 6 18:11:31 2017 -0500

    readded jsons

commit 0dac76609cf144500d4ccca442dc6fbcb6a011b4
Merge: 40e3797 960908e
Author: Laura Catano <lllaura@cs.utexas.edu>
Date:   Thu Apr 6 18:07:16 2017 -0500

    merge issues

commit 960908eebbcb845a06169bbcca3f10d2914e23ac
Author: Conner Newman <conner@cs.utexas.edu>
Date:   Thu Apr 6 18:01:35 2017 -0500

    i may have deleted a couple of files accidently

commit 40e379703724915d2996e4fdebc8ed4ae4e46547
Author: Laura Catano <lllaura@cs.utexas.edu>
Date:   Thu Apr 6 17:57:30 2017 -0500

    Readded jsons

commit 09cbc8b69093e7dbce9b9fb7bcaba8feb09ef5f5
Merge: 74c7b70 f04f691
Author: Conner Newman <conner@cs.utexas.edu>
Date:   Thu Apr 6 17:25:07 2017 -0500

    adding all books/reviews/authors to db properly

commit 74c7b70ac2578646b18f300c9c5ea698c5b4e0bf
Author: Conner Newman <conner@cs.utexas.edu>
Date:   Thu Apr 6 17:22:28 2017 -0500

    all authors/books/reviews from respective json files are now loaded to db properly

commit f04f69179b00c68add32381c5099a03c550acf31
Author: Laura Catano <lllaura@cs.utexas.edu>
Date:   Thu Apr 6 17:20:03 2017 -0500

    Fixed html embedding in reviews and author bios

commit 3d7330efdf39db8c31b1745d1ded684e8d3c9461
Author: Laura Catano <lllaura@cs.utexas.edu>
Date:   Thu Apr 6 17:08:35 2017 -0500

    Fixed comma separation problem and added more reviews

commit 5ae7b7211d0af4f02cc1375c1abc7ecdd500555c
Author: Laura Catano <lllaura@cs.utexas.edu>
Date:   Wed Apr 5 21:56:55 2017 -0500

    fixed author scraping script

commit 8d5789db4ed1c2a4e5f6a548b9e8fe3704c0dc2f
Author: Laura Catano <lllaura@cs.utexas.edu>
Date:   Wed Apr 5 21:47:14 2017 -0500

    added author data json

commit dc498a373e00aa54436a85e5ed0b2257d4d04ad9
Author: Conner Newman <conner@cs.utexas.edu>
Date:   Wed Apr 5 20:52:05 2017 -0500

    setup now properly inits reviews and publishers

commit 0153f78b72ffdfc93e61e8f51ca22a5321b8bf83
Author: Conner Newman <conner@cs.utexas.edu>
Date:   Wed Apr 5 20:42:29 2017 -0500

    merge issues kek

commit 227dafe2603b8537b2d9b091f4c6487124c47c05
Merge: e17b171 3db0416
Author: Conner Newman <conner@cs.utexas.edu>
Date:   Wed Apr 5 20:32:29 2017 -0500

    more db initialization changes

commit e17b1717fad5db2650ac195fed68c72d0e77a5bd
Author: Conner Newman <conner@cs.utexas.edu>
Date:   Wed Apr 5 20:29:28 2017 -0500

    worked more on initing db, scraping data for authors

commit 3db0416b710ee2fee00cfecca0a53972f61c07c8
Author: Laura Catano <lllaura@cs.utexas.edu>
Date:   Wed Apr 5 20:20:13 2017 -0500

    added another review

commit 023879ffba8ec6d418862af9abcc9877ef293b75
Author: Laura Catano <lllaura@cs.utexas.edu>
Date:   Wed Apr 5 20:13:40 2017 -0500

    fixed review scraper

commit 3ac69029c390bc99c86883048b57f510d532dafe
Author: Laura Catano <lllaura@cs.utexas.edu>
Date:   Wed Apr 5 19:58:26 2017 -0500

    added review scraper

commit b9f410c625cfb1bf473cc9427403c3b7f3cbeee5
Author: Fernando Mendoza <fernandom@utexas.edu>
Date:   Wed Apr 5 19:20:45 2017 -0500

    redirecting static directory

commit 5068348c475bb6cffac571904ea6e96c81339647
Author: Fernando Mendoza <fernandom@utexas.edu>
Date:   Wed Apr 5 19:15:29 2017 -0500

    adding app attribute to main

commit ad18664ed4b5cd1aa11ff3ca3ae2244e8a010b9d
Author: Fernando Mendoza <fernandom@utexas.edu>
Date:   Wed Apr 5 19:09:36 2017 -0500

    updating requirements again

commit 4080304525d0bedb6e872ed1fd06016266546363
Author: Fernando Mendoza <fernandom@utexas.edu>
Date:   Wed Apr 5 19:04:12 2017 -0500

    updating requirements again

commit d65fdac5b3ef38313152263710fb54fe2c8284b4
Author: Fernando Mendoza <fernandom@utexas.edu>
Date:   Wed Apr 5 19:00:37 2017 -0500

    updating requirements again

commit a9a135f10f0796ad2baadc84d6501793f9fdda46
Author: Fernando Mendoza <fernandom@utexas.edu>
Date:   Wed Apr 5 18:39:37 2017 -0500

    updating requirements again

commit 59bfc24ec481229dc70ff1f233c43efd3824f532
Author: Fernando Mendoza <fernandom@utexas.edu>
Date:   Wed Apr 5 18:38:20 2017 -0500

    updating requirements again

commit dd84934228bd0640ea8500a2225f964d19648ef2
Author: Fernando Mendoza <fernandom@utexas.edu>
Date:   Wed Apr 5 18:32:39 2017 -0500

    restructuring

commit 1c32bb0940fd47cc29d975365c865878c3d989c1
Author: Fernando Mendoza <fernandom@utexas.edu>
Date:   Wed Apr 5 18:22:53 2017 -0500

    cleaning file

commit 488f854ea56a32bde480e6cdbfa87d281c1ca0e3
Author: Fernando Mendoza <fernandom@utexas.edu>
Date:   Wed Apr 5 18:13:57 2017 -0500

    updating requirements again

commit 20ce34a4ae2631f144dd4328734b3c68b890293a
Author: Fernando Mendoza <fernandom@utexas.edu>
Date:   Wed Apr 5 18:12:55 2017 -0500

    updating requirements again

commit e7952b1c0e80f6a5849cc27f98377b52a8419ea4
Author: Fernando Mendoza <fernandom@utexas.edu>
Date:   Wed Apr 5 18:08:54 2017 -0500

    updating models db reference

commit b03d1be308361575498ea1646976fb43673f3d3b
Author: Fernando Mendoza <fernandom@utexas.edu>
Date:   Wed Apr 5 18:04:29 2017 -0500

    updating dependencies

commit 0af70f4c00192f3ef2f1c21198821f8ec4c47507
Author: Fernando Mendoza <fernandom@utexas.edu>
Date:   Wed Apr 5 18:03:08 2017 -0500

    Oh sweet lord above please save me

commit bcd348357951a24249a8335a15ab7914c56a48a7
Author: Fernando Mendoza <fernandom@utexas.edu>
Date:   Wed Apr 5 18:00:02 2017 -0500

    Oh sweet lord above please save me

commit 2fdffe5216522ad4ccfbf44a042ecfd0adc7b6f5
Author: Fernando Mendoza <fernandom@utexas.edu>
Date:   Wed Apr 5 17:49:26 2017 -0500

    renewed db

commit 09fc953e2a32c2bb6468af7b36b4bd449550ea5e
Merge: d0bb8ad f8e8e67
Author: Conner Newman <conner@cs.utexas.edu>
Date:   Wed Apr 5 17:37:38 2017 -0500

    Merge branch 'master' of https://github.com/DasNando/idb

commit d0bb8adb43d6c1674091e47e799a531082e66c03
Author: Conner Newman <conner@cs.utexas.edu>
Date:   Wed Apr 5 17:37:34 2017 -0500

    updated models and db stuff

commit f8e8e6735c6b592dbfaab0356cb23f10241cc60f
Author: Fernando Mendoza <fernandom@utexas.edu>
Date:   Wed Apr 5 17:29:14 2017 -0500

    restructuring

commit ec9aed282cc73b2e9640f9a0e771f7b05f63d8b4
Author: Fernando Mendoza <fernandom@utexas.edu>
Date:   Wed Apr 5 17:20:04 2017 -0500

    testing on Travis

commit 330426728d3ca7adf81b4f01e205200fd246b365
Author: Fernando Mendoza <fernandom@utexas.edu>
Date:   Wed Apr 5 17:12:00 2017 -0500

    rewriting tests

commit 0d35c3f6d9ceb792b161bd0611eeb8b78f17de36
Author: Fernando Mendoza <fernandom@utexas.edu>
Date:   Wed Apr 5 17:02:32 2017 -0500

    Travis integrated, now write proper tests

commit f1f94c54c28770d6aa805410cf4628d5b7d050c7
Author: Fernando Mendoza <fernandom@utexas.edu>
Date:   Wed Apr 5 16:51:12 2017 -0500

    testing Travis integration

commit 1633ad444d3dca7c1cd7903827fd7d134c41ef04
Author: Fernando Mendoza <fernandom@utexas.edu>
Date:   Wed Apr 5 16:38:02 2017 -0500

    testing Travis integration

commit c18bb5a30f21fd69eef08bc08738496e790f9f94
Author: Fernando Mendoza <fernandom@utexas.edu>
Date:   Wed Apr 5 16:33:22 2017 -0500

    testing Travis integration

commit 168c1baa1d1b8c32a161c8058c7001512abde9c6
Author: Fernando Mendoza <fernandom@utexas.edu>
Date:   Wed Apr 5 16:25:38 2017 -0500

    testing Travis integration

commit fa3bf76e92568c86787a97548407358798b566d4
Merge: 60a26c3 b25d07e
Author: Conner Newman <conner@cs.utexas.edu>
Date:   Wed Apr 5 16:20:46 2017 -0500

    Merge branch 'master' of https://github.com/DasNando/idb

commit 60a26c3a478beeaa59bbbc00f28f51ddc07ef4c9
Author: Conner Newman <conner@cs.utexas.edu>
Date:   Wed Apr 5 16:20:31 2017 -0500

    books are now properly added to the db

commit b25d07e8083b406704d8540519ddc142f643ebfa
Merge: fc32d78 b3cff93
Author: Fernando Mendoza <fernandom@utexas.edu>
Date:   Wed Apr 5 16:18:21 2017 -0500

    Merge remote-tracking branch 'origin/master'

commit fc32d7879ae0584de10b0b094fc1aaf99bc3baaf
Author: Fernando Mendoza <fernandom@utexas.edu>
Date:   Wed Apr 5 16:18:00 2017 -0500

    testing Travis integration

commit b3cff93a0cc9d86db399a322d25dbf1cb4860eb4
Author: DasNando <fernandom@utexas.edu>
Date:   Wed Apr 5 16:14:52 2017 -0500

    adding new credentials

commit efe9a78edd4b96aa7eff8abb3a3ae1fa91313d63
Author: Conner Newman <conner@cs.utexas.edu>
Date:   Wed Apr 5 16:06:46 2017 -0500

    book db adding is done?

commit 0b1f97ec87a7780625d4f1a5fb1643685cf7954c
Merge: 745612f b57c846
Author: Conner Newman <conner@cs.utexas.edu>
Date:   Wed Apr 5 15:02:29 2017 -0500

    Merge branch 'master' of https://github.com/DasNando/idb

commit 745612f615bcfe6209b25d394aa9f60fcf3dfbf3
Author: Conner Newman <conner@cs.utexas.edu>
Date:   Wed Apr 5 15:02:19 2017 -0500

    fixing things

commit f4023e73a6b0c7e69381403217538c5176b985b2
Author: Conner Newman <conner@cs.utexas.edu>
Date:   Wed Apr 5 15:01:39 2017 -0500

    wrong version of seetup_db

commit b57c8465323ccdbf7de9e6fbe7b185f61a4a51f2
Author: Fernando Mendoza <fernandom@utexas.edu>
Date:   Wed Apr 5 14:54:08 2017 -0500

    testing Travis integration

commit fb2abbdce7e76279a1dd935475d291e2c965f129
Author: Conner Newman <conner@cs.utexas.edu>
Date:   Wed Apr 5 14:30:54 2017 -0500

    small changed to setup_db.py

commit 85f1e494a6023b4f7e21d38cc0a4438d2e893847
Merge: c4347e8 eb4b081
Author: Conner Newman <conner@cs.utexas.edu>
Date:   Wed Apr 5 14:21:46 2017 -0500

    Merge branch 'master' of https://github.com/DasNando/idb

commit c4347e89c29bdee671ad877d8d84823cc35f63b9
Author: Conner Newman <conner@cs.utexas.edu>
Date:   Wed Apr 5 14:21:29 2017 -0500

    testing db init

commit eb4b0811925c93efb38d3090fc7a57df879689b7
Author: Fernando Mendoza <fernandom@utexas.edu>
Date:   Wed Apr 5 14:17:50 2017 -0500

    testing Travis integration

commit 54160c4d67e92bbe932384ce3a807c7ff0100c91
Author: Fernando Mendoza <fernandom@utexas.edu>
Date:   Wed Apr 5 14:01:44 2017 -0500

    testing Travis integration

commit c509e6db708921a595ea4f8c50f3f7b3163b30b7
Author: Conner Newman <conner@cs.utexas.edu>
Date:   Mon Apr 3 17:24:40 2017 -0500

    added test3.json

commit 9b627aa906f3357d8734295e695ca4987fddde74
Merge: 5f3eb83 b0da276
Author: Conner Newman <conner@cs.utexas.edu>
Date:   Mon Apr 3 17:23:57 2017 -0500

    Merge branch 'master' of https://github.com/DasNando/idb

commit 5f3eb83ba467a114f3ca40991db18a539da3daf0
Author: Conner Newman <conner@cs.utexas.edu>
Date:   Mon Apr 3 17:23:19 2017 -0500

    figured out getting json from API, working on adding it to the db

commit b0da276600321955add016cea5629baf91c893c6
Author: Laura Catano <lllaura@cs.utexas.edu>
Date:   Mon Apr 3 16:58:01 2017 -0500

    added some sample book data from google

commit 734b431df1780f52425cd5a796f07a6321327e6a
Author: Fernando Mendoza <fernandom@utexas.edu>
Date:   Thu Mar 30 19:59:28 2017 -0500

    adding travis credentials

commit dab5120fcf8cbd62f47d1f6f32626a70e44c1c8c
Author: Fernando Mendoza <fernandom@utexas.edu>
Date:   Thu Mar 30 19:54:49 2017 -0500

    adding travis credentials

commit 092a06ee3c89d105ef86dc588f18c1647b2de889
Author: Fernando Mendoza <fernandom@utexas.edu>
Date:   Tue Mar 28 19:08:30 2017 -0500

    initialized database

commit 29199879ef975729d9961c2f305b49cae6953e76
Author: Fernando Mendoza <fernandom@utexas.edu>
Date:   Mon Mar 27 01:45:23 2017 -0500

    fixed urls and references

commit 63085f6b3959ee45cd4eafb26eb1a45471b00c37
Author: Fernando Mendoza <fernandom@utexas.edu>
Date:   Sat Mar 25 17:20:06 2017 -0500

    fixed urls and references

commit 164b00337ba607b81d3837555df0fe1969c037c1
Author: Fernando Mendoza <fernandom@utexas.edu>
Date:   Sat Mar 25 17:09:10 2017 -0500

    fixed urls and references

commit 802ab57466b56d9a8993fc69790419245b8253ed
Author: Dylan Droll <dylan@cs.utexas.edu>
Date:   Fri Mar 24 19:51:47 2017 -0500

    set the style sheet to the server's so Fernando doesn't have to fix it

commit 2027dc8437d731d5e696607664211814c0bcf641
Author: Dylan Droll <dylan@cs.utexas.edu>
Date:   Fri Mar 24 19:45:14 2017 -0500

    Updated about page

commit 50c2538f45aac4f73b199d8f67625295eb26c338
Author: Fernando Mendoza <fernandom@utexas.edu>
Date:   Thu Mar 23 20:52:23 2017 -0500

    okay this is REALLY the final push

commit 5b54f12bc4c4ac043cfcc31bc449c8a0759f0829
Author: Fernando Mendoza <fernandom@utexas.edu>
Date:   Thu Mar 23 20:49:17 2017 -0500

    cleaning repo, this is the commit from which we will pull the SHA

commit febc602d893eb35e5204c386e9afc27f70e01490
Author: Fernando Mendoza <fernandom@utexas.edu>
Date:   Thu Mar 23 20:45:49 2017 -0500

    Adding final git log, turnin coming soon

commit d0f96cbcfd6b35ac15295719b141ebf3185f11bd
Author: Fernando Mendoza <fernandom@utexas.edu>
Date:   Thu Mar 23 20:39:39 2017 -0500

    finalizing repo, updating structure. Git Log needed

commit cfd81e9de1a52fa76a35a365242709428bb2ba5e
Author: Laura Catano <lllaura@cs.utexas.edu>
Date:   Thu Mar 23 20:30:42 2017 -0500

    Done about page

commit 44e43b4e1c1e6738d5f69ed0dd42319391191ac8
Author: Fernando Mendoza <fernandom@utexas.edu>
Date:   Thu Mar 23 20:02:52 2017 -0500

    finalizing tech report

commit 1f5ee6905d32b3258aac67f517955f63626154e8
Author: Laura Catano <lllaura@cs.utexas.edu>
Date:   Thu Mar 23 20:01:22 2017 -0500

    More about page stuff

commit b16ed8c42a25faa81333cbcacf8f2d5ffe97d211
Author: Fernando Mendoza <fernandom@utexas.edu>
Date:   Thu Mar 23 19:54:58 2017 -0500

    uploading group pictures

commit 0386cb623195e21c0fa79e0f824ba45942664e8d
Merge: 91ed37c a88a7b5
Author: Fernando Mendoza <fernandom@utexas.edu>
Date:   Thu Mar 23 19:53:20 2017 -0500

    Merge remote-tracking branch 'origin/master'

commit a88a7b5861ea1fe13b59f2b07770272c26fc767b
Author: DasNando <fernandom@utexas.edu>
Date:   Thu Mar 23 19:52:48 2017 -0500

    Add files via upload

commit 4731295b3349cec9e4b2d3f1718c1dcef4e38b97
Merge: b3b4fa0 7e82689
Author: Laura Catano <lllaura@cs.utexas.edu>
Date:   Thu Mar 23 19:48:54 2017 -0500

    Merge branch 'master' of https://github.com/DasNando/idb

commit b3b4fa0741c6a86b37a1f46370462b4512e03115
Author: Laura Catano <lllaura@cs.utexas.edu>
Date:   Thu Mar 23 19:47:28 2017 -0500

    About page and pics

commit 91ed37ccf00271408d8045f794bc9ccf3ff68760
Author: Fernando Mendoza <fernandom@utexas.edu>
Date:   Thu Mar 23 19:45:59 2017 -0500

    Updating html to near-final status

commit 7e82689f9d9fce898a5016c084c22382c66773bd
Author: Conner Newman <conner@cs.utexas.edu>
Date:   Thu Mar 23 19:45:00 2017 -0500

    updated tech report with information about models.

commit 6d1060b7265cfdc3c54d1fd07ae67df02f005140
Author: Fernando Mendoza <fernandom@utexas.edu>
Date:   Thu Mar 23 19:21:55 2017 -0500

    Updating html to near-final status

commit 671ac95b5753408ada83a9ba2cc9707262ca49e8
Author: Fernando Mendoza <fernandom@utexas.edu>
Date:   Thu Mar 23 19:20:46 2017 -0500

    Updating html to near-final status

commit 12378f3d8e89527958bb94ea9b0066d934b33c5b
Author: Fernando Mendoza <fernandom@utexas.edu>
Date:   Thu Mar 23 19:19:25 2017 -0500

    Updating html to near-final status

commit 8c59a7c00f058b363deeb6a661a38a42ffcca43b
Author: Fernando Mendoza <fernandom@utexas.edu>
Date:   Thu Mar 23 19:10:09 2017 -0500

    Updating html to near-final status

commit cec5b216849f0a10421c6c41d0672837405839f1
Author: Dylan Droll <dylan@cs.utexas.edu>
Date:   Thu Mar 23 18:52:24 2017 -0500

    just ABOUT done, hehehe

commit c1c1cbe7de21e2334c308c7b312cb900c09378af
Author: Fernando Mendoza <fernandom@utexas.edu>
Date:   Thu Mar 23 18:49:02 2017 -0500

    updating again

commit 84dbda8850eb885f9b130162702e1233ba2768db
Merge: 3c4c94f ee3b275
Author: Fernando Mendoza <fernandom@utexas.edu>
Date:   Thu Mar 23 18:47:27 2017 -0500

    Merge branch 'master' of https://github.com/DasNando/idb

commit 3c4c94f9755613573a798e5a8b6c7fc9aa860d7e
Author: Fernando Mendoza <fernandom@utexas.edu>
Date:   Thu Mar 23 18:47:07 2017 -0500

    restructuring project

commit ee3b27599cd842f6d67b20313e46822a92187e95
Merge: ca7ec05 df3c820
Author: Conner Newman <conner@cs.utexas.edu>
Date:   Thu Mar 23 18:46:55 2017 -0500

    Merge branch 'master' of https://github.com/DasNando/idb

commit ca7ec051dbe2bc29a606aaff5e0a6c10eeba3d23
Author: Conner Newman <conner@cs.utexas.edu>
Date:   Thu Mar 23 18:46:41 2017 -0500

    added more unit tests

commit df3c82000ee60ae40c41f951abe14cfafcf59b2e
Merge: 6528241 ed2f6ae
Author: Fernando Mendoza <fernandom@utexas.edu>
Date:   Thu Mar 23 18:45:52 2017 -0500

    Merge remote-tracking branch 'origin/master'

commit 6528241f736ce80048b0f01688ddab2aaea82ca8
Author: Fernando Mendoza <fernandom@utexas.edu>
Date:   Thu Mar 23 18:45:41 2017 -0500

    restructuring project

commit ed2f6ae7c637be248b974a46133b39e216b3c758
Author: Conner Newman <conner@cs.utexas.edu>
Date:   Thu Mar 23 18:34:16 2017 -0500

    About page stuff

commit 7fb50e56922765b2b15553ef06df3c47ee6b8b73
Merge: 6c3c4e9 61f73f6
Author: Conner Newman <conner@cs.utexas.edu>
Date:   Thu Mar 23 17:45:47 2017 -0500

    Merge branch 'master' of https://github.com/DasNando/idb

commit 6c3c4e982a2f1734142c67806efa4f086b8f1c99
Author: Conner Newman <conner@cs.utexas.edu>
Date:   Thu Mar 23 17:45:34 2017 -0500

    technical report

commit 61f73f6db53faff0b62bc32fed7158f3f878d98c
Author: Fernando Mendoza <fernandom@utexas.edu>
Date:   Thu Mar 23 17:34:52 2017 -0500

    restructuring project

commit 41a053307cd4a035724728bafa02f3e8fbf42d1a
Author: Fernando Mendoza <fernandom@utexas.edu>
Date:   Thu Mar 23 17:34:07 2017 -0500

    fixing .travis.yml

commit 6f3e9e68949d6db366de4be25e62091c24839a06
Author: Fernando Mendoza <fernandom@utexas.edu>
Date:   Thu Mar 23 17:32:55 2017 -0500

    fixing .travis.yml

commit f61887447817151e416dfeb1b015b48074a14ac0
Author: DasNando <fernandoe_mend@yahoo.com>
Date:   Thu Mar 23 17:28:14 2017 -0500

    Transferring API Description file from Apiary.io

commit a3e1c7811ab734db663fbeae93d34bd04ce1e45c
Author: Fernando Mendoza <fernandom@utexas.edu>
Date:   Thu Mar 23 17:12:57 2017 -0500

    adding to gitignore

commit a31395db4bd65e16523f5a9ee26e640ff3f8ea1d
Author: Fernando Mendoza <fernandom@utexas.edu>
Date:   Thu Mar 23 17:04:21 2017 -0500

    adding to gitignore

commit 03d2b8c8e94c86721aa51255b5b6245fb2d9714e
Author: Conner Newman <conner@cs.utexas.edu>
Date:   Thu Mar 23 16:50:56 2017 -0500

    added more comments and fixed that one problem

commit 404a32e8bdbe295545e4c6baa4a72f6feee2c543
Author: Fernando Mendoza <fernandom@utexas.edu>
Date:   Thu Mar 23 15:18:00 2017 -0500

    html testing

commit bdec38a6a05840890e632b936f7616ab41577c01
Author: Fernando Mendoza <fernandom@utexas.edu>
Date:   Thu Mar 23 15:16:25 2017 -0500

    issue with models.py, can't generate docs

commit 4ee0b241ecf6ce71df572eabc9984aec6fddfbef
Merge: 3f9f650 d85cdf3
Author: Fernando Mendoza <fernandom@utexas.edu>
Date:   Thu Mar 23 15:12:44 2017 -0500

    Merge remote-tracking branch 'origin/master'

commit 3f9f650be990aeffe8695f6578448e36ef1d940a
Author: Fernando Mendoza <fernandom@utexas.edu>
Date:   Thu Mar 23 15:12:28 2017 -0500

    issue with models.py, can't generate docs

commit d85cdf38b05c0b6be2bdcd24d0d69de0b30ffc32
Author: Dylan Droll <dylan@cs.utexas.edu>
Date:   Thu Mar 23 15:11:14 2017 -0500

    Lots of template stuff...

commit 126139e826a8bdb02d7aadd0ff8b33db69f42348
Author: Dylan Droll <dylan@cs.utexas.edu>
Date:   Thu Mar 23 12:38:11 2017 -0500

    Lots of template stuff...

commit 056dfaee7753a6da6545c3c86950e7fa828ef436
Merge: 0e5dabe a8c2726
Author: Fernando Mendoza <fernandom@utexas.edu>
Date:   Thu Mar 23 00:53:48 2017 -0500

    Merge remote-tracking branch 'origin/master'

commit 0e5dabecf9d27fca04d95494d722429b2e1bbf67
Author: Fernando Mendoza <fernandom@utexas.edu>
Date:   Thu Mar 23 00:53:25 2017 -0500

    I swear to god if this was the issue I'm going to be so salty

commit a8c27263e930c3170ee6a546186ca712598c1d9c
Merge: 66406f2 467b22b
Author: Conner Newman <conner@cs.utexas.edu>
Date:   Wed Mar 22 17:52:39 2017 -0500

    Merge branch 'master' of https://github.com/DasNando/idb

commit 66406f2679cfe3cc6bb96c917e68320354b59ae9
Author: Conner Newman <conner@cs.utexas.edu>
Date:   Wed Mar 22 17:52:27 2017 -0500

    added more tests to tests.py for review model

commit 467b22baf59a9f8a173db9cc82db5cd708493dbe
Author: Fernando Mendoza <fernandom@utexas.edu>
Date:   Wed Mar 22 17:10:19 2017 -0500

    WILL IT BLEND?

commit d15d49c919fe5e3189995871473934de3e65cba0
Author: Fernando Mendoza <fernandom@utexas.edu>
Date:   Wed Mar 22 17:03:35 2017 -0500

    WILL IT BLEND?

commit d8821d32ca69bde92a67d383ec7aa5311ab6a505
Merge: 1184a60 c4fe603
Author: Conner Newman <conner@cs.utexas.edu>
Date:   Wed Mar 22 17:00:33 2017 -0500

    Merge branch 'master' of https://github.com/DasNando/idb

commit 1184a60ff8342f260b1b07b5dcef91f95f73ada6
Author: Conner Newman <conner@cs.utexas.edu>
Date:   Wed Mar 22 16:59:49 2017 -0500

    reupload w/ assertions

commit c4fe603efcbf8ad66eac96f1c9191bfbf616fea7
Author: Fernando Mendoza <fernandom@utexas.edu>
Date:   Wed Mar 22 16:58:40 2017 -0500

    WILL IT BLEND?

commit 21fb01fedf18c37e577c1ffbd316e8f5e263b45a
Author: Fernando Mendoza <fernandom@utexas.edu>
Date:   Wed Mar 22 16:54:41 2017 -0500

    Removing url_for

commit 935514efbbae27da63b1ccf9c058d153dee933c9
Author: Fernando Mendoza <fernandom@utexas.edu>
Date:   Wed Mar 22 16:47:46 2017 -0500

    Banner time?

commit ed1f7ca308cc52839100e2853cffa3b51fa7fe1b
Author: Fernando Mendoza <fernandom@utexas.edu>
Date:   Wed Mar 22 16:23:03 2017 -0500

    Banner time?

commit f7428510f819a4e732eeb671346e724bc64037e8
Merge: cc6e6ef b1486dd
Author: Fernando Mendoza <fernandom@utexas.edu>
Date:   Wed Mar 22 16:17:54 2017 -0500

    Merge remote-tracking branch 'origin/master'

commit b1486dded70e69a267ee36752fc511dbee0f1d49
Author: dylandrollut <dylan.droll@utexas.edu>
Date:   Wed Mar 22 16:14:52 2017 -0500

    first homepage PogChamp

commit e09f81974b046ea7c96ad6ff96abf9a5bab82dfa
Author: dylandrollut <dylan.droll@utexas.edu>
Date:   Wed Mar 22 16:12:32 2017 -0500

    Added swe-readers-stylesheet.css

commit 2203cdaec4212cc7d5259a3cefdc9ddf750b6f25
Merge: 456b09e e04bcb5
Author: Conner Newman <conner@cs.utexas.edu>
Date:   Wed Mar 22 16:01:50 2017 -0500

    Merge branch 'master' of https://github.com/DasNando/idb

commit cc6e6ef718ad91ec4ce29019cce674038acfd664
Author: Fernando Mendoza <fernandom@utexas.edu>
Date:   Wed Mar 22 16:01:07 2017 -0500

    tests added

commit 456b09ebed25df0f4878088b4f92fbd48a09cd33
Author: Conner Newman <conner@cs.utexas.edu>
Date:   Wed Mar 22 16:00:56 2017 -0500

    finished models.py (i think)

commit e04bcb570247c21c8897b268eecb84141438d0fe
Author: Laura Catano <lllaura@cs.utexas.edu>
Date:   Wed Mar 22 15:22:42 2017 -0500

    UML doc

commit a420dbdf16284a9d6363c2cc8a3bf4b61cb568b2
Author: Fernando Mendoza <fernandom@utexas.edu>
Date:   Wed Mar 22 14:32:08 2017 -0500

    Starting point for models.py

commit 45a896b9f40ec2a5866c1a659a8c5cc8e9b5c0c1
Author: Fernando Mendoza <fernandom@utexas.edu>
Date:   Wed Mar 22 08:56:40 2017 -0500

    Starting point for models.py

commit 7603319d05fcdad6230d70d972f1cb4597a89664
Author: Fernando Mendoza <fernandom@utexas.edu>
Date:   Wed Mar 22 06:16:48 2017 -0500

    Still need css working right

commit 17dbbf4a0bcf0283f795fc32868b516afae46c1d
Author: Fernando Mendoza <fernandom@utexas.edu>
Date:   Wed Mar 22 06:11:42 2017 -0500

    Still need css working right

commit 237e73eae6762f4e46c22774aa2a505e9b953663
Author: Fernando Mendoza <fernandom@utexas.edu>
Date:   Wed Mar 22 06:07:16 2017 -0500

    Still need css working right

commit ac9ff4624fe460069decbc439c72bc3d89708e84
Author: Fernando Mendoza <fernandom@utexas.edu>
Date:   Wed Mar 22 06:04:45 2017 -0500

    Still need css working right

commit fd5d815f0123f20f3780d88187ca434e3f7ed4ee
Author: Fernando Mendoza <fernandom@utexas.edu>
Date:   Wed Mar 22 06:02:44 2017 -0500

    Still need css working right

commit 48b49e90312fef1ff01a41846c1600a2282326ef
Author: Fernando Mendoza <fernandom@utexas.edu>
Date:   Wed Mar 22 04:55:56 2017 -0500

    Testing different .yaml files to get static files served correctly

commit 90229b3648703c7afa3d2fec7121f2a9b9cde78c
Author: Fernando Mendoza <fernandom@utexas.edu>
Date:   Wed Mar 22 04:51:51 2017 -0500

    Testing different .yaml files to get static files served correctly

commit 5f8cf585c7267ec0944ebf17b013e48561c554df
Author: Fernando Mendoza <fernandom@utexas.edu>
Date:   Wed Mar 22 04:48:33 2017 -0500

    Testing different .yaml files to get static files served correctly

commit 187f43ee7f8b1be78a96e7aaed14c7e15e30c901
Author: Fernando Mendoza <fernandom@utexas.edu>
Date:   Wed Mar 22 04:47:48 2017 -0500

    Testing different .yaml files to get static files served correctly

commit 890b87116761a199c7c2cecf070e1f65e5453d9d
Author: Fernando Mendoza <fernandom@utexas.edu>
Date:   Wed Mar 22 04:46:49 2017 -0500

    >:^V

commit c10ee3aa0a70cb9548ea512be00cdc16e84e033c
Author: Fernando Mendoza <fernandom@utexas.edu>
Date:   Wed Mar 22 04:01:16 2017 -0500

    >:^V

commit 918c3fba218dcfc0c2c2fb2ccbf748abfd31de9a
Author: Fernando Mendoza <fernandom@utexas.edu>
Date:   Wed Mar 22 03:33:47 2017 -0500

    >:^V

commit 408f48dea08a1156f12deed2c6327e52a627b677
Author: Fernando Mendoza <fernandom@utexas.edu>
Date:   Wed Mar 22 02:37:17 2017 -0500

    We're dumping the whole library into the repo, for science

commit c7b9bdbe35403cfb5d8916f94b62a0f77986336d
Author: Fernando Mendoza <fernandom@utexas.edu>
Date:   Wed Mar 22 01:11:56 2017 -0500

    We're dumping the whole library into the repo, for science

commit dcc04bc241dd9c6f772cdeadb66f4be022bafc4d
Author: Fernando Mendoza <fernandom@utexas.edu>
Date:   Tue Mar 21 22:17:17 2017 -0500

    porting to Python2.7 I GUESS

commit b477d97edfb833017e6963c6b92dcda9785a6419
Author: Fernando Mendoza <fernandom@utexas.edu>
Date:   Tue Mar 21 21:42:35 2017 -0500

    changing app.yaml file

commit 443fee4c9a0bf0fa3b3ca03c5b7d94134034283c
Author: Fernando Mendoza <fernandom@utexas.edu>
Date:   Tue Mar 21 21:21:41 2017 -0500

    testing upload to Google Cloud/SWE-readers.me

commit 722ef8726531df62025760fdaeff06975560b8b5
Author: Fernando Mendoza <fernandom@utexas.edu>
Date:   Mon Mar 20 17:54:10 2017 -0500

    Basic serving and css/html templating. moving onto testing js

commit fddb6c6e9fafc39e74f32f93cc0f0f2697b545c6
Author: Fernando Mendoza <fernandom@utexas.edu>
Date:   Mon Mar 20 13:19:39 2017 -0500

    Testing

commit 78dd639f102a5deb76d04c3189ce75ce64c25194
Author: Fernando Mendoza <fernandom@utexas.edu>
Date:   Mon Mar 20 03:45:49 2017 -0500

    This is where the Flask experimenting is going. These are by no means vital.
    Also, this is a test of the Travis and Slack integration.
    After this initial push, it might be useful to create separate development branches.

commit 45490f2861a3906f82b6083bf49fad1674291c04
Author: Fernando Mendoza <fernandom@utexas.edu>
Date:   Sun Mar 12 03:45:33 2017 -0500

    This is where the Flask experimenting is going. These are by no means vital.
    Also, this is a test of the Travis and Slack integration.
    After this initial push, it might be useful to create separate development branches.

commit 36d5240dd8ad585d00775058a160b49687e53bdb
Author: Fernando Mendoza <fernandom@utexas.edu>
Date:   Sun Mar 12 03:44:01 2017 -0500

    This is where the Flask experimenting is going. These are by no means vital.
    Also, this is a test of the Travis and Slack integration.
